|--- feature_0 <= 0.30
|   |--- feature_4 <= 0.56
|   |   |--- feature_3 <= 0.33
|   |   |   |--- feature_2 <= 0.68
|   |   |   |   |--- feature_4 <= 0.52
|   |   |   |   |   |--- feature_2 <= 0.65
|   |   |   |   |   |   |--- feature_2 <= 0.56
|   |   |   |   |   |   |   |--- class: 1
|   |   |   |   |   |   |--- feature_2 >  0.56
|   |   |   |   |   |   |   |--- feature_5 <= 0.26
|   |   |   |   |   |   |   |   |--- feature_4 <= 0.43
|   |   |   |   |   |   |   |   |   |--- class: 1
|   |   |   |   |   |   |   |   |--- feature_4 >  0.43
|   |   |   |   |   |   |   |   |   |--- class: 4
|   |   |   |   |   |   |   |--- feature_5 >  0.26
|   |   |   |   |   |   |   |   |--- class: 1
|   |   |   |   |   |--- feature_2 >  0.65
|   |   |   |   |   |   |--- feature_0 <= 0.27
|   |   |   |   |   |   |   |--- class: 1
|   |   |   |   |   |   |--- feature_0 >  0.27
|   |   |   |   |   |   |   |--- class: 3
|   |   |   |   |--- feature_4 >  0.52
|   |   |   |   |   |--- feature_6 <= 0.27
|   |   |   |   |   |   |--- class: 4
|   |   |   |   |   |--- feature_6 >  0.27
|   |   |   |   |   |   |--- class: 1
|   |   |   |--- feature_2 >  0.68
|   |   |   |   |--- feature_1 <= 0.72
|   |   |   |   |   |--- class: 4
|   |   |   |   |--- feature_1 >  0.72
|   |   |   |   |   |--- class: 1
|   |   |--- feature_3 >  0.33
|   |   |   |--- feature_1 <= 0.81
|   |   |   |   |--- class: 3
|   |   |   |--- feature_1 >  0.81
|   |   |   |   |--- feature_6 <= 0.39
|   |   |   |   |   |--- class: 1
|   |   |   |   |--- feature_6 >  0.39
|   |   |   |   |   |--- class: 3
|   |--- feature_4 >  0.56
|   |   |--- feature_4 <= 0.61
|   |   |   |--- feature_3 <= 0.28
|   |   |   |   |--- class: 4
|   |   |   |--- feature_3 >  0.28
|   |   |   |   |--- class: 3
|   |   |--- feature_4 >  0.61
|   |   |   |--- class: 4
|--- feature_0 >  0.30
|   |--- feature_0 <= 0.46
|   |   |--- feature_4 <= 0.35
|   |   |   |--- feature_3 <= 0.43
|   |   |   |   |--- feature_2 <= 0.45
|   |   |   |   |   |--- feature_4 <= 0.31
|   |   |   |   |   |   |--- class: 2
|   |   |   |   |   |--- feature_4 >  0.31
|   |   |   |   |   |   |--- class: 3
|   |   |   |   |--- feature_2 >  0.45
|   |   |   |   |   |--- class: 3
|   |   |   |--- feature_3 >  0.43
|   |   |   |   |--- feature_2 <= 0.53
|   |   |   |   |   |--- class: 2
|   |   |   |   |--- feature_2 >  0.53
|   |   |   |   |   |--- feature_6 <= 0.53
|   |   |   |   |   |   |--- class: 3
|   |   |   |   |   |--- feature_6 >  0.53
|   |   |   |   |   |   |--- class: 2
|   |   |--- feature_4 >  0.35
|   |   |   |--- feature_3 <= 0.57
|   |   |   |   |--- feature_4 <= 0.67
|   |   |   |   |   |--- feature_6 <= 0.70
|   |   |   |   |   |   |--- feature_5 <= 0.65
|   |   |   |   |   |   |   |--- feature_4 <= 0.39
|   |   |   |   |   |   |   |   |--- feature_0 <= 0.43
|   |   |   |   |   |   |   |   |   |--- feature_5 <= 0.54
|   |   |   |   |   |   |   |   |   |   |--- class: 3
|   |   |   |   |   |   |   |   |   |--- feature_5 >  0.54
|   |   |   |   |   |   |   |   |   |   |--- feature_0 <= 0.37
|   |   |   |   |   |   |   |   |   |   |   |--- class: 3
|   |   |   |   |   |   |   |   |   |   |--- feature_0 >  0.37
|   |   |   |   |   |   |   |   |   |   |   |--- class: 2
|   |   |   |   |   |   |   |   |--- feature_0 >  0.43
|   |   |   |   |   |   |   |   |   |--- feature_1 <= 0.57
|   |   |   |   |   |   |   |   |   |   |--- class: 2
|   |   |   |   |   |   |   |   |   |--- feature_1 >  0.57
|   |   |   |   |   |   |   |   |   |   |--- class: 3
|   |   |   |   |   |   |   |--- feature_4 >  0.39
|   |   |   |   |   |   |   |   |--- feature_2 <= 0.29
|   |   |   |   |   |   |   |   |   |--- feature_0 <= 0.36
|   |   |   |   |   |   |   |   |   |   |--- class: 2
|   |   |   |   |   |   |   |   |   |--- feature_0 >  0.36
|   |   |   |   |   |   |   |   |   |   |--- class: 3
|   |   |   |   |   |   |   |   |--- feature_2 >  0.29
|   |   |   |   |   |   |   |   |   |--- feature_2 <= 0.56
|   |   |   |   |   |   |   |   |   |   |--- feature_6 <= 0.59
|   |   |   |   |   |   |   |   |   |   |   |--- truncated branch of depth 5
|   |   |   |   |   |   |   |   |   |   |--- feature_6 >  0.59
|   |   |   |   |   |   |   |   |   |   |   |--- truncated branch of depth 3
|   |   |   |   |   |   |   |   |   |--- feature_2 >  0.56
|   |   |   |   |   |   |   |   |   |   |--- feature_1 <= 0.53
|   |   |   |   |   |   |   |   |   |   |   |--- truncated branch of depth 3
|   |   |   |   |   |   |   |   |   |   |--- feature_1 >  0.53
|   |   |   |   |   |   |   |   |   |   |   |--- class: 3
|   |   |   |   |   |   |--- feature_5 >  0.65
|   |   |   |   |   |   |   |--- feature_1 <= 0.45
|   |   |   |   |   |   |   |   |--- class: 3
|   |   |   |   |   |   |   |--- feature_1 >  0.45
|   |   |   |   |   |   |   |   |--- class: 2
|   |   |   |   |   |--- feature_6 >  0.70
|   |   |   |   |   |   |--- feature_5 <= 0.50
|   |   |   |   |   |   |   |--- class: 3
|   |   |   |   |   |   |--- feature_5 >  0.50
|   |   |   |   |   |   |   |--- class: 2
|   |   |   |   |--- feature_4 >  0.67
|   |   |   |   |   |--- class: 4
|   |   |   |--- feature_3 >  0.57
|   |   |   |   |--- class: 2
|   |--- feature_0 >  0.46
|   |   |--- feature_3 <= 0.39
|   |   |   |--- class: 3
|   |   |--- feature_3 >  0.39
|   |   |   |--- feature_5 <= 0.38
|   |   |   |   |--- feature_0 <= 0.50
|   |   |   |   |   |--- class: 3
|   |   |   |   |--- feature_0 >  0.50
|   |   |   |   |   |--- class: 2
|   |   |   |--- feature_5 >  0.38
|   |   |   |   |--- feature_6 <= 0.36
|   |   |   |   |   |--- feature_3 <= 0.51
|   |   |   |   |   |   |--- class: 3
|   |   |   |   |   |--- feature_3 >  0.51
|   |   |   |   |   |   |--- class: 2
|   |   |   |   |--- feature_6 >  0.36
|   |   |   |   |   |--- class: 2
